<?xml version="1.0" encoding="UTF-8"?>
<!-- Generated by org.testng.reporters.JUnitReportReporter -->
<testsuite hostname="Samy" name="newPackage.OAuth2" tests="1" failures="0" timestamp="9 Mar 2020 14:37:20 GMT" time="21.245" errors="0">
  <testcase name="authentication2" time="21.245" classname="newPackage.OAuth2"/>
</testsuite> <!-- newPackage.OAuth2 -->
