<?xml version="1.0" encoding="UTF-8"?>
<!-- Generated by org.testng.reporters.JUnitReportReporter -->
<testsuite hostname="Samy" name="newPackage.UpdateEmployeeApiTest" tests="1" failures="0" timestamp="5 Jan 2020 11:55:08 GMT" time="5.460" errors="0">
  <testcase name="updateEmp" time="5.460" classname="newPackage.UpdateEmployeeApiTest"/>
</testsuite> <!-- newPackage.UpdateEmployeeApiTest -->
