<?xml version="1.0" encoding="UTF-8"?>
<!-- Generated by org.testng.reporters.JUnitReportReporter -->
<testsuite hostname="Samy" name="OAuthUdemy" tests="1" failures="0" timestamp="13 Dec 2019 12:48:05 GMT" time="20.000" errors="0">
  <testcase name="authentication" time="20.000" classname="OAuthUdemy"/>
</testsuite> <!-- OAuthUdemy -->
