<?xml version="1.0" encoding="UTF-8"?>
<!-- Generated by org.testng.reporters.JUnitReportReporter -->
<testsuite hostname="Samy" name="POSTREq" tests="3" failures="0" timestamp="13 Dec 2019 12:53:13 GMT" time="5.680" errors="0">
  <testcase name="executePostReq" time="0.733" classname="POSTREq"/>
  <testcase name="executePostReq" time="0.826" classname="POSTREq"/>
  <testcase name="executePostReq" time="4.121" classname="POSTREq"/>
</testsuite> <!-- POSTREq -->
