<?xml version="1.0" encoding="UTF-8"?>
<!-- Generated by org.testng.reporters.JUnitReportReporter -->
<testsuite hostname="Samy" name="CreateEmployeeTest" tests="4" failures="0" timestamp="1 Jan 2020 10:43:42 GMT" time="8.218" errors="0">
  <testcase name="createEmplTest" time="0.743" classname="CreateEmployeeTest"/>
  <testcase name="createEmplTest" time="0.744" classname="CreateEmployeeTest"/>
  <testcase name="createEmplTest" time="0.787" classname="CreateEmployeeTest"/>
  <testcase name="createEmplTest" time="5.944" classname="CreateEmployeeTest"/>
</testsuite> <!-- CreateEmployeeTest -->
