<?xml version="1.0" encoding="UTF-8"?>
<!-- Generated by org.testng.reporters.JUnitReportReporter -->
<testsuite hostname="Samy" name="newPackage.OAuthUdemy" tests="1" failures="0" timestamp="9 Mar 2020 14:23:56 GMT" time="22.229" errors="0">
  <testcase name="authentication" time="22.229" classname="newPackage.OAuthUdemy"/>
</testsuite> <!-- newPackage.OAuthUdemy -->
