<?xml version="1.0" encoding="UTF-8"?>
<!-- Generated by org.testng.reporters.JUnitReportReporter -->
<testsuite hostname="Samy" name="org.samyak.com.maven.AppTest" tests="1" failures="0" timestamp="25 Aug 2019 15:27:49 GMT" time="13.932" errors="0">
  <testcase name="testFB" time="13.932" classname="org.samyak.com.maven.AppTest"/>
</testsuite> <!-- org.samyak.com.maven.AppTest -->
