<?xml version="1.0" encoding="UTF-8"?>
<!-- Generated by org.testng.reporters.JUnitReportReporter -->
<testsuite hostname="Samy" name="org.samyak.Grid.App" tests="3" failures="0" timestamp="8 Dec 2019 11:55:27 GMT" time="9.187" errors="0">
  <testcase name="registeredUser" time="4.017" classname="org.samyak.Grid.App"/>
  <testcase name="updateUser" time="2.651" classname="org.samyak.Grid.App"/>
  <testcase name="loginUser" time="2.519" classname="org.samyak.Grid.App"/>
</testsuite> <!-- org.samyak.Grid.App -->
