<?xml version="1.0" encoding="UTF-8"?>
<!-- Generated by org.testng.reporters.JUnitReportReporter -->
<testsuite hostname="Samy" name="org.samyak.com.flipcart.LoginPageTest" tests="1" failures="0" timestamp="12 Feb 2020 08:37:29 GMT" time="2.627" errors="0">
  <testcase name="login" time="2.627" classname="org.samyak.com.flipcart.LoginPageTest"/>
</testsuite> <!-- org.samyak.com.flipcart.LoginPageTest -->
