<?xml version="1.0" encoding="UTF-8"?>
<!-- Generated by org.testng.reporters.JUnitReportReporter -->
<testsuite hostname="Samy" name="org.samyak.com.flipcart.ShowByProdcutOnlineTest" tests="1" failures="0" timestamp="13 Jan 2020 11:48:02 GMT" time="8.180" errors="0">
  <testcase name="selectProduct" time="8.180" classname="org.samyak.com.flipcart.ShowByProdcutOnlineTest"/>
</testsuite> <!-- org.samyak.com.flipcart.ShowByProdcutOnlineTest -->
