<?xml version="1.0" encoding="UTF-8"?>
<!-- Generated by org.testng.reporters.JUnitReportReporter -->
<testsuite hostname="Samy" name="org.samyak.com.flipcart.SortByTest" tests="1" failures="0" timestamp="23 Jan 2020 07:29:38 GMT" time="11.987" errors="0">
  <testcase name="executeSortByTest" time="11.987" classname="org.samyak.com.flipcart.SortByTest"/>
</testsuite> <!-- org.samyak.com.flipcart.SortByTest -->
