<?xml version="1.0" encoding="UTF-8"?>
<!-- Generated by org.testng.reporters.JUnitReportReporter -->
<testsuite hostname="Samy" name="org.samyak.com.flipcart.SearchPageTest" tests="1" failures="0" timestamp="13 Jan 2020 11:41:08 GMT" time="5.857" errors="0">
  <testcase name="searchProduct" time="5.857" classname="org.samyak.com.flipcart.SearchPageTest"/>
</testsuite> <!-- org.samyak.com.flipcart.SearchPageTest -->
