<?xml version="1.0" encoding="UTF-8"?>
<!-- Generated by org.testng.reporters.JUnitReportReporter -->
<testsuite hostname="Samy" name="org.samyak.com.flipcart.ShowByProdcutOnlineTest" tests="1" failures="0" timestamp="11 Feb 2020 13:46:14 GMT" time="10.273" errors="0">
  <testcase name="selectProduct" time="10.273" classname="org.samyak.com.flipcart.ShowByProdcutOnlineTest"/>
</testsuite> <!-- org.samyak.com.flipcart.ShowByProdcutOnlineTest -->
