<?xml version="1.0" encoding="UTF-8"?>
<!-- Generated by org.testng.reporters.JUnitReportReporter -->
<testsuite hostname="Samy" name="org.samyak.com.flipcart.LoginPageTest" tests="1" failures="0" timestamp="11 Feb 2020 13:46:14 GMT" time="2.282" errors="0">
  <testcase name="login" time="2.282" classname="org.samyak.com.flipcart.LoginPageTest"/>
</testsuite> <!-- org.samyak.com.flipcart.LoginPageTest -->
