<?xml version="1.0" encoding="UTF-8"?>
<!-- Generated by org.testng.reporters.JUnitReportReporter -->
<testsuite hostname="Samy" name="org.jira.jira_api.OAuth" tests="1" failures="0" timestamp="6 Oct 2019 10:21:51 GMT" time="34.643" errors="0">
  <testcase name="authentication" time="34.643" classname="org.jira.jira_api.OAuth"/>
</testsuite> <!-- org.jira.jira_api.OAuth -->
