<?xml version="1.0" encoding="UTF-8"?>
<!-- Generated by org.testng.reporters.JUnitReportReporter -->
<testsuite hostname="Samy" name="Customer" tests="3" failures="0" timestamp="15 Oct 2019 03:31:20 GMT" time="0.047" errors="0">
  <testcase name="modifyCustomerTest" time="0.000" classname="Customer"/>
  <testcase name="deleteCustomerTest" time="0.000" classname="Customer"/>
  <testcase name="createCustomerTest" time="0.047" classname="Customer"/>
</testsuite> <!-- Customer -->
