<?xml version="1.0" encoding="UTF-8"?>
<!-- Generated by org.testng.reporters.JUnitReportReporter -->
<testsuite hostname="Samy" name="makeMyTrippckg.HomeTest" tests="1" failures="0" timestamp="17 Feb 2020 16:30:28 GMT" time="11.058" errors="0">
  <testcase name="bookAHotelTest" time="11.058" classname="makeMyTrippckg.HomeTest"/>
</testsuite> <!-- makeMyTrippckg.HomeTest -->
