<?xml version="1.0" encoding="UTF-8"?>
<!-- Generated by org.testng.reporters.JUnitReportReporter -->
<testsuite hostname="Samy" name="org.samyak.restAssuredSample.TestClass" tests="1" failures="0" timestamp="25 Feb 2020 17:49:18 GMT" time="6.501" errors="0">
  <testcase name="getEmployees" time="6.501" classname="org.samyak.restAssuredSample.TestClass"/>
</testsuite> <!-- org.samyak.restAssuredSample.TestClass -->
